[debug] [2023-12-14T21:07:22.344Z] ----------------------------------------------------------------------
[debug] [2023-12-14T21:07:22.346Z] Command:       /usr/local/bin/node /usr/local/bin/firebase deploy
[debug] [2023-12-14T21:07:22.346Z] CLI Version:   12.8.1
[debug] [2023-12-14T21:07:22.346Z] Platform:      darwin
[debug] [2023-12-14T21:07:22.346Z] Node Version:  v21.1.0
[debug] [2023-12-14T21:07:22.346Z] Time:          Fri Dec 15 2023 02:37:22 GMT+0530 (India Standard Time)
[debug] [2023-12-14T21:07:22.346Z] ----------------------------------------------------------------------
[debug] 
[debug] [2023-12-14T21:07:22.379Z] > command requires scopes: ["email","openid","https://www.googleapis.com/auth/cloudplatformprojects.readonly","https://www.googleapis.com/auth/firebase","https://www.googleapis.com/auth/cloud-platform"]
[debug] [2023-12-14T21:07:22.380Z] > authorizing via signed-in user (k37vardan@gmail.com)
[debug] [2023-12-14T21:07:22.380Z] [iam] checking project teleparty-d64a6 for permissions ["firebase.projects.get","firebasehosting.sites.update"]
[debug] [2023-12-14T21:07:22.381Z] >>> [apiv2][query] POST https://cloudresourcemanager.googleapis.com/v1/projects/teleparty-d64a6:testIamPermissions [none]
[debug] [2023-12-14T21:07:22.381Z] >>> [apiv2][(partial)header] POST https://cloudresourcemanager.googleapis.com/v1/projects/teleparty-d64a6:testIamPermissions x-goog-quota-user=projects/teleparty-d64a6
[debug] [2023-12-14T21:07:22.381Z] >>> [apiv2][body] POST https://cloudresourcemanager.googleapis.com/v1/projects/teleparty-d64a6:testIamPermissions {"permissions":["firebase.projects.get","firebasehosting.sites.update"]}
[debug] [2023-12-14T21:07:22.981Z] <<< [apiv2][status] POST https://cloudresourcemanager.googleapis.com/v1/projects/teleparty-d64a6:testIamPermissions 200
[debug] [2023-12-14T21:07:22.982Z] <<< [apiv2][body] POST https://cloudresourcemanager.googleapis.com/v1/projects/teleparty-d64a6:testIamPermissions {"permissions":["firebase.projects.get","firebasehosting.sites.update"]}
[debug] [2023-12-14T21:07:22.983Z] >>> [apiv2][query] GET https://firebase.googleapis.com/v1beta1/projects/teleparty-d64a6 [none]
[debug] [2023-12-14T21:07:23.593Z] <<< [apiv2][status] GET https://firebase.googleapis.com/v1beta1/projects/teleparty-d64a6 200
[debug] [2023-12-14T21:07:23.593Z] <<< [apiv2][body] GET https://firebase.googleapis.com/v1beta1/projects/teleparty-d64a6 {"projectId":"teleparty-d64a6","projectNumber":"1064060054400","displayName":"Teleparty","name":"projects/teleparty-d64a6","resources":{"hostingSite":"teleparty-d64a6"},"state":"ACTIVE","etag":"1_da8d7270-534e-4ca0-a9ff-c683a79ada50"}
[info] 
   Thank you for trying our early preview of Next.js support on Firebase Hosting.
   During the preview, support is best-effort and breaking changes can be expected. Proceed with caution.

   Documentation: https://firebase.google.com/docs/hosting/frameworks/nextjs
   File a bug: https://github.com/firebase/firebase-tools/issues/new?template=bug_report.md
   Submit a feature request: https://github.com/firebase/firebase-tools/issues/new?template=feature_request.md

   We'd love to learn from you. Express your interest in helping us shape the future of Firebase Hosting: https://goo.gle/41enW5X

[info]    ▲ Next.js 14.0.4

[info] 
   Creating an optimized production build ...

[info]  ✓ Compiled successfully

[info]    Linting and checking validity of types ...

[info] 
./src/app/page.js
76:6  Warning: React Hook useEffect has missing dependencies: 'handleLoading' and 'updateUsers'. Either include them or remove the dependency array.  react-hooks/exhaustive-deps

info  - Need to disable some ESLint rules? Learn more here: https://nextjs.org/docs/basic-features/eslint#disabling-rules

[info]    Collecting page data ...

[info]    Generating static pages (0/5) ...

[info]    Generating static pages (1/5) 

[info]    Generating static pages (2/5) 

[info]    Generating static pages (3/5) 

[info] 0 

[info]  ✓ Generating static pages (5/5) 

[info]    Finalizing page optimization ...

[info]    Collecting build traces ...

[info] 

[info] Route (app)                              Size     First Load JS
┌ ○ /                                    87.9 kB         170 kB
└ ○ /_not-found                          869 B          82.8 kB
+ First Load JS shared by all            81.9 kB
  ├ chunks/938-05a4de4f09ee4b18.js       26.7 kB
  ├ chunks/fd9d1056-3ab72051547edebc.js  53.3 kB
  ├ chunks/main-app-121b85e6adb7cc33.js  220 B
  └ chunks/webpack-333271dce06ef80c.js   1.72 kB



[info] ○  (Static)  prerendered as static content


[info] Building a Cloud Function to run this application. This is needed due to:
[info]  • non-static component /_not-found
[info] 
[warn] ⚠  This integration expects Node version 16, 18, or 20. You're running version 21, problems may be encountered. 
